  ▲ Next.js 14.2.3
  - Local:        http://localhost:3000

 ✓ Starting...
 ✓ Ready in 2.4s
 ✓ Compiled /middleware in 122ms (73 modules)
 ○ Compiling /login ...
 ✓ Compiled /login in 1325ms (467 modules)
 GET /login 200 in 1497ms
 ○ Compiling /candidates ...
 ✓ Compiled /candidates in 1474ms (541 modules)
 GET /candidates 200 in 1623ms
 ✓ Compiled /_not-found in 239ms (544 modules)
 GET /health 404 in 404ms
 GET /health 404 in 311ms
 ✓ Compiled /candidates/[id] in 203ms (550 modules)
 ✓ Compiled / in 157ms (556 modules)
 ⚠ Fast Refresh had to perform a full reload. Read more: https://nextjs.org/docs/messages/fast-refresh-reload
 GET / 200 in 178ms
 GET /candidates/15 200 in 24ms
 GET /_next/static/chunks/app/recruiter/page.js 404 in 41ms
 GET /health 404 in 46ms
 GET /health 404 in 49ms
 GET / 200 in 17ms
 GET /_next/static/chunks/app/recruiter/page.js 404 in 26ms
 GET /health 404 in 45ms
 GET /health 404 in 47ms
 ✓ Compiled /recruiter in 153ms (562 modules)
 GET /recruiter 200 in 40ms
(node:27423) [DEP0060] DeprecationWarning: The `util._extend` API is deprecated. Please use Object.assign() instead.
(Use `node --trace-deprecation ...` to show where the warning was created)
 GET /health 404 in 39ms
 GET /health 404 in 41ms
 GET /health 404 in 18ms
 GET /health 404 in 21ms
 GET / 200 in 35ms
 GET /health 404 in 29ms
 GET /health 404 in 22ms
 GET / 200 in 13ms
 GET /health 404 in 29ms
 GET /health 404 in 33ms
 ✓ Compiled /dashboard in 244ms (564 modules)
 GET /candidates 200 in 44ms
 GET /health 404 in 30ms
 GET /health 404 in 20ms
 ✓ Compiled /analytics in 213ms (570 modules)
 ⚠ Fast Refresh had to perform a full reload. Read more: https://nextjs.org/docs/messages/fast-refresh-reload
 GET /analytics 200 in 229ms
 GET /candidates/15 200 in 36ms
 GET /health 404 in 36ms
 GET /health 404 in 35ms
 GET /analytics 200 in 19ms
 GET /health 404 in 24ms
 GET /health 404 in 23ms
 ✓ Compiled /settings in 122ms (576 modules)
 ⚠ Fast Refresh had to perform a full reload. Read more: https://nextjs.org/docs/messages/fast-refresh-reload
 GET /settings 200 in 129ms
 GET /analytics 200 in 46ms
 GET /health 404 in 143ms
 GET /health 404 in 144ms
 GET /settings 200 in 27ms
 GET /health 404 in 41ms
 GET /health 404 in 37ms
 ✓ Compiled /login in 271ms (302 modules)
 GET /login?next=%2Fhealth 200 in 797ms
 GET /login?next=%2Fhealth 200 in 482ms
 GET /login?next=%2Fhealth 200 in 91ms
 GET /login?next=%2Fhealth 200 in 20ms
 GET /login?next=%2Fhealth 200 in 35ms
 GET /login?next=%2Fhealth 200 in 109ms
 GET /login?next=%2Fhealth 200 in 92ms
 GET /login?next=%2Fhealth 200 in 45ms
 ⨯ ./app/candidates/page.tsx
Error: 
  [31mx[0m the name `getTokenFromCookie` is defined multiple times
   ,-[[36;1;4m/Users/bhuvankurra/Desktop/DEBUG DEBUG/ai_driven_recruitment_backend/frontend/app/candidates/page.tsx[0m:2:1]
 [2m2[0m | import React, { useEffect, useMemo, useState } from 'react'
 [2m3[0m | import Link from 'next/link'
 [2m4[0m | import { getApiBase } from '../lib/apiBase'
 [2m5[0m | import { getTokenFromCookie } from '../lib/auth'
   : [31;1m         ^^^^^^^^^|^^^^^^^^[0m
   :                   [31;1m`-- [31;1mprevious definition of `getTokenFromCookie` here[0m[0m
 [2m6[0m | import { getTokenFromCookie } from '../lib/auth'
   : [33;1m         ^^^^^^^^^|^^^^^^^^[0m
   :                   [33;1m`-- [33;1m`getTokenFromCookie` redefined here[0m[0m
 [2m7[0m | import { Plus, Search as SearchIcon, Trash2, ExternalLink, X, Loader2 } from 'lucide-react'
 [2m8[0m | 
 [2m9[0m | interface CandidateRow { id: number; name: string; created_at?: string; recruiter_identifier?: string }
   `----

Import trace for requested module:
./app/candidates/page.tsx
 ○ Compiling /_error ...
 ⨯ ./app/candidates/page.tsx
Error: 
  [31mx[0m the name `getTokenFromCookie` is defined multiple times
   ,-[[36;1;4m/Users/bhuvankurra/Desktop/DEBUG DEBUG/ai_driven_recruitment_backend/frontend/app/candidates/page.tsx[0m:2:1]
 [2m2[0m | import React, { useEffect, useMemo, useState } from 'react'
 [2m3[0m | import Link from 'next/link'
 [2m4[0m | import { getApiBase } from '../lib/apiBase'
 [2m5[0m | import { getTokenFromCookie } from '../lib/auth'
   : [31;1m         ^^^^^^^^^|^^^^^^^^[0m
   :                   [31;1m`-- [31;1mprevious definition of `getTokenFromCookie` here[0m[0m
 [2m6[0m | import { getTokenFromCookie } from '../lib/auth'
   : [33;1m         ^^^^^^^^^|^^^^^^^^[0m
   :                   [33;1m`-- [33;1m`getTokenFromCookie` redefined here[0m[0m
 [2m7[0m | import { Plus, Search as SearchIcon, Trash2, ExternalLink, X, Loader2 } from 'lucide-react'
 [2m8[0m | 
 [2m9[0m | interface CandidateRow { id: number; name: string; created_at?: string; recruiter_identifier?: string }
   `----

Import trace for requested module:
./app/candidates/page.tsx
 ⨯ ./app/candidates/page.tsx
Error: 
  [31mx[0m the name `getTokenFromCookie` is defined multiple times
   ,-[[36;1;4m/Users/bhuvankurra/Desktop/DEBUG DEBUG/ai_driven_recruitment_backend/frontend/app/candidates/page.tsx[0m:2:1]
 [2m2[0m | import React, { useEffect, useMemo, useState } from 'react'
 [2m3[0m | import Link from 'next/link'
 [2m4[0m | import { getApiBase } from '../lib/apiBase'
 [2m5[0m | import { getTokenFromCookie } from '../lib/auth'
   : [31;1m         ^^^^^^^^^|^^^^^^^^[0m
   :                   [31;1m`-- [31;1mprevious definition of `getTokenFromCookie` here[0m[0m
 [2m6[0m | import { getTokenFromCookie } from '../lib/auth'
   : [33;1m         ^^^^^^^^^|^^^^^^^^[0m
   :                   [33;1m`-- [33;1m`getTokenFromCookie` redefined here[0m[0m
 [2m7[0m | import { Plus, Search as SearchIcon, Trash2, ExternalLink, X, Loader2 } from 'lucide-react'
 [2m8[0m | 
 [2m9[0m | interface CandidateRow { id: number; name: string; created_at?: string; recruiter_identifier?: string }
   `----

Import trace for requested module:
./app/candidates/page.tsx
 GET /login?next=%2Fhealth 500 in 6436ms
 GET /_next/static/webpack/bbdca7e10a3f8ff9.webpack.hot-update.json 500 in 952ms
 ⚠ Fast Refresh had to perform a full reload. Read more: https://nextjs.org/docs/messages/fast-refresh-reload
<w> [webpack.cache.PackFileCacheStrategy] Caching failed for pack: Error: ENOENT: no such file or directory, lstat '/Users/bhuvankurra/Desktop/DEBUG DEBUG/ai_driven_recruitment_backend/frontend/.next/server/vendor-chunks'
<w> [webpack.cache.PackFileCacheStrategy/webpack.FileSystemInfo] Resolving './vendor-chunks/@swc' in /Users/bhuvankurra/Desktop/DEBUG DEBUG/ai_driven_recruitment_backend/frontend/.next/server for build dependencies doesn't lead to expected result '/Users/bhuvankurra/Desktop/DEBUG DEBUG/ai_driven_recruitment_backend/frontend/.next/server/vendor-chunks/@swc.js', but to 'Error: Can't resolve './vendor-chunks/@swc' in '/Users/bhuvankurra/Desktop/DEBUG DEBUG/ai_driven_recruitment_backend/frontend/.next/server'' instead. Resolving dependencies are ignored for this path.
<w>  at resolve commonjs file ./vendor-chunks/@swc (expected /Users/bhuvankurra/Desktop/DEBUG DEBUG/ai_driven_recruitment_backend/frontend/.next/server/vendor-chunks/@swc.js)
<w>  at file dependencies /Users/bhuvankurra/Desktop/DEBUG DEBUG/ai_driven_recruitment_backend/frontend/.next/server/webpack-runtime.js
<w>  at file /Users/bhuvankurra/Desktop/DEBUG DEBUG/ai_driven_recruitment_backend/frontend/.next/server/webpack-runtime.js
<w>  at file dependencies /Users/bhuvankurra/Desktop/DEBUG DEBUG/ai_driven_recruitment_backend/frontend/.next/server/app/login/page.js
<w>  at file /Users/bhuvankurra/Desktop/DEBUG DEBUG/ai_driven_recruitment_backend/frontend/.next/server/app/login/page.js
<w>  at file dependencies /Users/bhuvankurra/Desktop/DEBUG DEBUG/ai_driven_recruitment_backend/frontend/node_modules/next/dist/server/require.js
<w>  at file /Users/bhuvankurra/Desktop/DEBUG DEBUG/ai_driven_recruitment_backend/frontend/node_modules/next/dist/server/require.js
<w>  at file dependencies /Users/bhuvankurra/Desktop/DEBUG DEBUG/ai_driven_recruitment_backend/frontend/node_modules/next/dist/server/load-components.js
<w>  at file /Users/bhuvankurra/Desktop/DEBUG DEBUG/ai_driven_recruitment_backend/frontend/node_modules/next/dist/server/load-components.js
<w>  at file dependencies /Users/bhuvankurra/Desktop/DEBUG DEBUG/ai_driven_recruitment_backend/frontend/node_modules/next/dist/build/utils.js
<w>  at file /Users/bhuvankurra/Desktop/DEBUG DEBUG/ai_driven_recruitment_backend/frontend/node_modules/next/dist/build/utils.js
<w>  at file dependencies /Users/bhuvankurra/Desktop/DEBUG DEBUG/ai_driven_recruitment_backend/frontend/node_modules/next/dist/build/webpack/loaders/next-route-loader/index.js
<w>  at file /Users/bhuvankurra/Desktop/DEBUG DEBUG/ai_driven_recruitment_backend/frontend/node_modules/next/dist/build/webpack/loaders/next-route-loader/index.js
<w>  at file dependencies /Users/bhuvankurra/Desktop/DEBUG DEBUG/ai_driven_recruitment_backend/frontend/node_modules/next/dist/compiled/loader-runner/LoaderRunner.js
<w>  at file /Users/bhuvankurra/Desktop/DEBUG DEBUG/ai_driven_recruitment_backend/frontend/node_modules/next/dist/compiled/loader-runner/LoaderRunner.js
<w>  at file dependencies /Users/bhuvankurra/Desktop/DEBUG DEBUG/ai_driven_recruitment_backend/frontend/node_modules/next/dist/compiled/webpack/bundle5.js
<w>  at file /Users/bhuvankurra/Desktop/DEBUG DEBUG/ai_driven_recruitment_backend/frontend/node_modules/next/dist/compiled/webpack/bundle5.js
<w>  at file dependencies /Users/bhuvankurra/Desktop/DEBUG DEBUG/ai_driven_recruitment_backend/frontend/node_modules/next/dist/compiled/webpack/webpack.js
<w>  at file /Users/bhuvankurra/Desktop/DEBUG DEBUG/ai_driven_recruitment_backend/frontend/node_modules/next/dist/compiled/webpack/webpack.js
<w>  at file dependencies /Users/bhuvankurra/Desktop/DEBUG DEBUG/ai_driven_recruitment_backend/frontend/node_modules/next/dist/build/webpack/plugins/define-env-plugin.js
<w>  at file /Users/bhuvankurra/Desktop/DEBUG DEBUG/ai_driven_recruitment_backend/frontend/node_modules/next/dist/build/webpack/plugins/define-env-plugin.js
<w>  at file dependencies /Users/bhuvankurra/Desktop/DEBUG DEBUG/ai_driven_recruitment_backend/frontend/node_modules/next/dist/build/swc/index.js
<w>  at file /Users/bhuvankurra/Desktop/DEBUG DEBUG/ai_driven_recruitment_backend/frontend/node_modules/next/dist/build/swc/index.js
<w>  at file dependencies /Users/bhuvankurra/Desktop/DEBUG DEBUG/ai_driven_recruitment_backend/frontend/node_modules/next/dist/build/webpack/loaders/next-swc-loader.js
<w>  at file /Users/bhuvankurra/Desktop/DEBUG DEBUG/ai_driven_recruitment_backend/frontend/node_modules/next/dist/build/webpack/loaders/next-swc-loader.js
<w>  at resolve commonjs /Users/bhuvankurra/Desktop/DEBUG DEBUG/ai_driven_recruitment_backend/frontend/node_modules/next/dist/build/webpack/loaders/next-swc-loader.js
<w> [webpack.cache.PackFileCacheStrategy/webpack.FileSystemInfo] Resolving './vendor-chunks/lucide-react' in /Users/bhuvankurra/Desktop/DEBUG DEBUG/ai_driven_recruitment_backend/frontend/.next/server for build dependencies doesn't lead to expected result '/Users/bhuvankurra/Desktop/DEBUG DEBUG/ai_driven_recruitment_backend/frontend/.next/server/vendor-chunks/lucide-react.js', but to 'Error: Can't resolve './vendor-chunks/lucide-react' in '/Users/bhuvankurra/Desktop/DEBUG DEBUG/ai_driven_recruitment_backend/frontend/.next/server'' instead. Resolving dependencies are ignored for this path.
<w>  at resolve commonjs file ./vendor-chunks/lucide-react (expected /Users/bhuvankurra/Desktop/DEBUG DEBUG/ai_driven_recruitment_backend/frontend/.next/server/vendor-chunks/lucide-react.js)
<w>  at file dependencies /Users/bhuvankurra/Desktop/DEBUG DEBUG/ai_driven_recruitment_backend/frontend/.next/server/webpack-runtime.js
<w>  at file /Users/bhuvankurra/Desktop/DEBUG DEBUG/ai_driven_recruitment_backend/frontend/.next/server/webpack-runtime.js
<w>  at file dependencies /Users/bhuvankurra/Desktop/DEBUG DEBUG/ai_driven_recruitment_backend/frontend/.next/server/app/login/page.js
<w>  at file /Users/bhuvankurra/Desktop/DEBUG DEBUG/ai_driven_recruitment_backend/frontend/.next/server/app/login/page.js
<w>  at file dependencies /Users/bhuvankurra/Desktop/DEBUG DEBUG/ai_driven_recruitment_backend/frontend/node_modules/next/dist/server/require.js
<w>  at file /Users/bhuvankurra/Desktop/DEBUG DEBUG/ai_driven_recruitment_backend/frontend/node_modules/next/dist/server/require.js
<w>  at file dependencies /Users/bhuvankurra/Desktop/DEBUG DEBUG/ai_driven_recruitment_backend/frontend/node_modules/next/dist/server/load-components.js
<w>  at file /Users/bhuvankurra/Desktop/DEBUG DEBUG/ai_driven_recruitment_backend/frontend/node_modules/next/dist/server/load-components.js
<w>  at file dependencies /Users/bhuvankurra/Desktop/DEBUG DEBUG/ai_driven_recruitment_backend/frontend/node_modules/next/dist/build/utils.js
<w>  at file /Users/bhuvankurra/Desktop/DEBUG DEBUG/ai_driven_recruitment_backend/frontend/node_modules/next/dist/build/utils.js
<w>  at file dependencies /Users/bhuvankurra/Desktop/DEBUG DEBUG/ai_driven_recruitment_backend/frontend/node_modules/next/dist/build/webpack/loaders/next-route-loader/index.js
<w>  at file /Users/bhuvankurra/Desktop/DEBUG DEBUG/ai_driven_recruitment_backend/frontend/node_modules/next/dist/build/webpack/loaders/next-route-loader/index.js
<w>  at file dependencies /Users/bhuvankurra/Desktop/DEBUG DEBUG/ai_driven_recruitment_backend/frontend/node_modules/next/dist/compiled/loader-runner/LoaderRunner.js
<w>  at file /Users/bhuvankurra/Desktop/DEBUG DEBUG/ai_driven_recruitment_backend/frontend/node_modules/next/dist/compiled/loader-runner/LoaderRunner.js
<w>  at file dependencies /Users/bhuvankurra/Desktop/DEBUG DEBUG/ai_driven_recruitment_backend/frontend/node_modules/next/dist/compiled/webpack/bundle5.js
<w>  at file /Users/bhuvankurra/Desktop/DEBUG DEBUG/ai_driven_recruitment_backend/frontend/node_modules/next/dist/compiled/webpack/bundle5.js
<w>  at file dependencies /Users/bhuvankurra/Desktop/DEBUG DEBUG/ai_driven_recruitment_backend/frontend/node_modules/next/dist/compiled/webpack/webpack.js
<w>  at file /Users/bhuvankurra/Desktop/DEBUG DEBUG/ai_driven_recruitment_backend/frontend/node_modules/next/dist/compiled/webpack/webpack.js
<w>  at file dependencies /Users/bhuvankurra/Desktop/DEBUG DEBUG/ai_driven_recruitment_backend/frontend/node_modules/next/dist/build/webpack/plugins/define-env-plugin.js
<w>  at file /Users/bhuvankurra/Desktop/DEBUG DEBUG/ai_driven_recruitment_backend/frontend/node_modules/next/dist/build/webpack/plugins/define-env-plugin.js
<w>  at file dependencies /Users/bhuvankurra/Desktop/DEBUG DEBUG/ai_driven_recruitment_backend/frontend/node_modules/next/dist/build/swc/index.js
<w>  at file /Users/bhuvankurra/Desktop/DEBUG DEBUG/ai_driven_recruitment_backend/frontend/node_modules/next/dist/build/swc/index.js
<w>  at file dependencies /Users/bhuvankurra/Desktop/DEBUG DEBUG/ai_driven_recruitment_backend/frontend/node_modules/next/dist/build/webpack/loaders/next-swc-loader.js
<w>  at file /Users/bhuvankurra/Desktop/DEBUG DEBUG/ai_driven_recruitment_backend/frontend/node_modules/next/dist/build/webpack/loaders/next-swc-loader.js
<w>  at resolve commonjs /Users/bhuvankurra/Desktop/DEBUG DEBUG/ai_driven_recruitment_backend/frontend/node_modules/next/dist/build/webpack/loaders/next-swc-loader.js
<w> [webpack.cache.PackFileCacheStrategy/webpack.FileSystemInfo] Resolving './vendor-chunks/next' in /Users/bhuvankurra/Desktop/DEBUG DEBUG/ai_driven_recruitment_backend/frontend/.next/server for build dependencies doesn't lead to expected result '/Users/bhuvankurra/Desktop/DEBUG DEBUG/ai_driven_recruitment_backend/frontend/.next/server/vendor-chunks/next.js', but to 'Error: Can't resolve './vendor-chunks/next' in '/Users/bhuvankurra/Desktop/DEBUG DEBUG/ai_driven_recruitment_backend/frontend/.next/server'' instead. Resolving dependencies are ignored for this path.
<w>  at resolve commonjs file ./vendor-chunks/next (expected /Users/bhuvankurra/Desktop/DEBUG DEBUG/ai_driven_recruitment_backend/frontend/.next/server/vendor-chunks/next.js)
<w>  at file dependencies /Users/bhuvankurra/Desktop/DEBUG DEBUG/ai_driven_recruitment_backend/frontend/.next/server/webpack-runtime.js
<w>  at file /Users/bhuvankurra/Desktop/DEBUG DEBUG/ai_driven_recruitment_backend/frontend/.next/server/webpack-runtime.js
<w>  at file dependencies /Users/bhuvankurra/Desktop/DEBUG DEBUG/ai_driven_recruitment_backend/frontend/.next/server/app/login/page.js
<w>  at file /Users/bhuvankurra/Desktop/DEBUG DEBUG/ai_driven_recruitment_backend/frontend/.next/server/app/login/page.js
<w>  at file dependencies /Users/bhuvankurra/Desktop/DEBUG DEBUG/ai_driven_recruitment_backend/frontend/node_modules/next/dist/server/require.js
<w>  at file /Users/bhuvankurra/Desktop/DEBUG DEBUG/ai_driven_recruitment_backend/frontend/node_modules/next/dist/server/require.js
<w>  at file dependencies /Users/bhuvankurra/Desktop/DEBUG DEBUG/ai_driven_recruitment_backend/frontend/node_modules/next/dist/server/load-components.js
<w>  at file /Users/bhuvankurra/Desktop/DEBUG DEBUG/ai_driven_recruitment_backend/frontend/node_modules/next/dist/server/load-components.js
<w>  at file dependencies /Users/bhuvankurra/Desktop/DEBUG DEBUG/ai_driven_recruitment_backend/frontend/node_modules/next/dist/build/utils.js
<w>  at file /Users/bhuvankurra/Desktop/DEBUG DEBUG/ai_driven_recruitment_backend/frontend/node_modules/next/dist/build/utils.js
<w>  at file dependencies /Users/bhuvankurra/Desktop/DEBUG DEBUG/ai_driven_recruitment_backend/frontend/node_modules/next/dist/build/webpack/loaders/next-route-loader/index.js
<w>  at file /Users/bhuvankurra/Desktop/DEBUG DEBUG/ai_driven_recruitment_backend/frontend/node_modules/next/dist/build/webpack/loaders/next-route-loader/index.js
<w>  at file dependencies /Users/bhuvankurra/Desktop/DEBUG DEBUG/ai_driven_recruitment_backend/frontend/node_modules/next/dist/compiled/loader-runner/LoaderRunner.js
<w>  at file /Users/bhuvankurra/Desktop/DEBUG DEBUG/ai_driven_recruitment_backend/frontend/node_modules/next/dist/compiled/loader-runner/LoaderRunner.js
<w>  at file dependencies /Users/bhuvankurra/Desktop/DEBUG DEBUG/ai_driven_recruitment_backend/frontend/node_modules/next/dist/compiled/webpack/bundle5.js
<w>  at file /Users/bhuvankurra/Desktop/DEBUG DEBUG/ai_driven_recruitment_backend/frontend/node_modules/next/dist/compiled/webpack/bundle5.js
<w>  at file dependencies /Users/bhuvankurra/Desktop/DEBUG DEBUG/ai_driven_recruitment_backend/frontend/node_modules/next/dist/compiled/webpack/webpack.js
<w>  at file /Users/bhuvankurra/Desktop/DEBUG DEBUG/ai_driven_recruitment_backend/frontend/node_modules/next/dist/compiled/webpack/webpack.js
<w>  at file dependencies /Users/bhuvankurra/Desktop/DEBUG DEBUG/ai_driven_recruitment_backend/frontend/node_modules/next/dist/build/webpack/plugins/define-env-plugin.js
<w>  at file /Users/bhuvankurra/Desktop/DEBUG DEBUG/ai_driven_recruitment_backend/frontend/node_modules/next/dist/build/webpack/plugins/define-env-plugin.js
<w>  at file dependencies /Users/bhuvankurra/Desktop/DEBUG DEBUG/ai_driven_recruitment_backend/frontend/node_modules/next/dist/build/swc/index.js
<w>  at file /Users/bhuvankurra/Desktop/DEBUG DEBUG/ai_driven_recruitment_backend/frontend/node_modules/next/dist/build/swc/index.js
<w>  at file dependencies /Users/bhuvankurra/Desktop/DEBUG DEBUG/ai_driven_recruitment_backend/frontend/node_modules/next/dist/build/webpack/loaders/next-swc-loader.js
<w>  at file /Users/bhuvankurra/Desktop/DEBUG DEBUG/ai_driven_recruitment_backend/frontend/node_modules/next/dist/build/webpack/loaders/next-swc-loader.js
<w>  at resolve commonjs /Users/bhuvankurra/Desktop/DEBUG DEBUG/ai_driven_recruitment_backend/frontend/node_modules/next/dist/build/webpack/loaders/next-swc-loader.js
 GET /login 500 in 11ms
 ✓ Compiled /_not-found in 2.2s (795 modules)
 GET /_next/static/webpack/ac66b53ea754407d.webpack.hot-update.json 404 in 845ms
 ⚠ Fast Refresh had to perform a full reload. Read more: https://nextjs.org/docs/messages/fast-refresh-reload
 GET /login 200 in 60ms
 GET /_next/static/css/app/layout.css?v=1758135892034 404 in 169ms
 GET /_next/static/chunks/main-app.js?v=1758135892034 404 in 207ms
 GET /_next/static/chunks/app-pages-internals.js 404 in 170ms
 GET /_next/static/chunks/app/login/page.js 404 in 170ms
 GET /_next/static/chunks/app/layout.js 404 in 84ms
 ✓ Compiled in 1087ms (795 modules)
 ✓ Compiled in 1579ms (804 modules)
 ✓ Compiled in 847ms (790 modules)
 ✓ Compiled in 397ms (790 modules)
 GET /login 200 in 780ms
 ✓ Compiled /_not-found in 253ms (793 modules)
 GET /_next/static/chunks/app/login/page.js 404 in 404ms
 GET /_next/static/chunks/app-pages-internals.js 404 in 406ms
 GET /_next/static/chunks/main-app.js?v=1758136210422 404 in 410ms
 GET /login? 200 in 176ms
 GET /_next/static/chunks/main-app.js?v=1758136236726 404 in 89ms
 GET /_next/static/chunks/app-pages-internals.js 404 in 95ms
 GET /_next/static/chunks/app/login/page.js 404 in 91ms
 GET /login? 200 in 35ms
 GET /_next/static/chunks/app-pages-internals.js 404 in 42ms
 GET /_next/static/chunks/main-app.js?v=1758136249314 404 in 45ms
 GET /_next/static/chunks/app/login/page.js 404 in 42ms
 GET /login? 200 in 267ms
 GET /_next/static/chunks/app/login/page.js 404 in 65ms
 GET /_next/static/chunks/app-pages-internals.js 404 in 63ms
 GET /_next/static/chunks/main-app.js?v=1758136873066 404 in 63ms
 GET /login? 200 in 26ms
 GET /_next/static/chunks/main-app.js?v=1758136891435 404 in 42ms
 GET /_next/static/chunks/app/login/page.js 404 in 41ms
 GET /_next/static/chunks/app-pages-internals.js 404 in 44ms
 GET /login? 200 in 23ms
 GET /_next/static/chunks/app-pages-internals.js 404 in 28ms
 GET /_next/static/chunks/app/login/page.js 404 in 29ms
 GET /_next/static/chunks/main-app.js?v=1758136905791 404 in 14ms
 GET /login? 200 in 83ms
 GET /_next/static/chunks/app-pages-internals.js 404 in 64ms
 GET /_next/static/chunks/app/login/page.js 404 in 62ms
 GET /_next/static/chunks/main-app.js?v=1758136977871 404 in 19ms
 GET /login? 200 in 132ms
 GET /_next/static/chunks/app-pages-internals.js 404 in 59ms
 GET /_next/static/chunks/main-app.js?v=1758137065816 404 in 495ms
 GET /_next/static/chunks/app/login/page.js 404 in 499ms
 GET /login? 200 in 45ms
 GET /_next/static/chunks/app-pages-internals.js 404 in 52ms
 GET /_next/static/chunks/app/login/page.js 404 in 54ms
 GET /_next/static/chunks/main-app.js?v=1758137074722 404 in 27ms
 GET /login? 200 in 33ms
 GET /_next/static/chunks/app-pages-internals.js 404 in 454ms
 GET /_next/static/chunks/main-app.js?v=1758137096332 404 in 78ms
 GET /_next/static/chunks/app/login/page.js 404 in 454ms
[?25h
